<?xml version="1.0" encoding="UTF-8"?>
<testng-results ignored="0" total="1" passed="1" failed="0" skipped="0">
  <reporter-output>
  </reporter-output>
  <suite started-at="2022-08-11T20:28:35 IST" name="Default suite" finished-at="2022-08-11T20:28:42 IST" duration-ms="7229">
    <groups>
    </groups>
    <test started-at="2022-08-11T20:28:35 IST" name="Default test" finished-at="2022-08-11T20:28:42 IST" duration-ms="7229">
      <class name="facebook.Log_in">
        <test-method signature="test()[pri:0, instance:facebook.Log_in@163e4e87]" started-at="2022-08-11T20:28:35 IST" name="test" finished-at="2022-08-11T20:28:42 IST" duration-ms="7161" status="PASS">
          <reporter-output>
          </reporter-output>
        </test-method> <!-- test -->
      </class> <!-- facebook.Log_in -->
    </test> <!-- Default test -->
  </suite> <!-- Default suite -->
</testng-results>
